<?xml version="1.0" encoding="UTF-8"?>
<!-- Generated by org.testng.reporters.JUnitReportReporter -->
<testsuite hostname="DESKTOP-C4OHGOA" failures="0" tests="4" name="excelTests.ExcelTest01" time="0.032" errors="0" timestamp="2023-11-21T10:52:48 IST" skipped="0">
  <testcase classname="excelTests.ExcelTest01" name="getExcelDataTest01" time="0.014"/>
  <system-out/>
  <testcase classname="excelTests.ExcelTest01" name="getExcelDataTest01" time="0.003"/>
  <system-out/>
  <testcase classname="excelTests.ExcelTest01" name="getExcelDataTest02" time="0.005"/>
  <system-out/>
  <testcase classname="excelTests.ExcelTest01" name="getExcelDataTest02" time="0.010"/>
  <system-out/>
</testsuite> <!-- excelTests.ExcelTest01 -->
